Vivado Simulator 2015.4
Copyright 1986-1999, 2001-2015 Xilinx, Inc. All Rights Reserved.
Running: /opt/Xilinx/Vivado/2015.4/bin/unwrapped/lnx64.o/xelab -wto 9f8d276a196d4d5e8558204853293c23 --debug typical --relax --mt 8 -L blk_mem_gen_v8_3_1 -L xil_defaultlib -L secureip --snapshot test3_behav xil_defaultlib.test3 -log elaborate.log 
Using 8 slave threads.
Starting static elaboration
Completed static elaboration
Starting simulation data flow analysis
Completed simulation data flow analysis
Time Resolution for simulation is 1ps
Compiling package std.standard
Compiling package ieee.std_logic_1164
Compiling package ieee.std_logic_arith
Compiling package ieee.std_logic_unsigned
Compiling package ieee.math_real
Compiling package std.textio
Compiling package ieee.std_logic_textio
Compiling package ieee.numeric_std
Compiling package synopsys.attributes
Compiling package ieee.std_logic_misc
Compiling architecture output_stage_behavioral of entity blk_mem_gen_v8_3_1.blk_mem_gen_v8_3_1_output_stage [\blk_mem_gen_v8_3_1_output_stage...]
Compiling architecture output_stage_behavioral of entity blk_mem_gen_v8_3_1.blk_mem_gen_v8_3_1_output_stage [\blk_mem_gen_v8_3_1_output_stage...]
Compiling architecture softecc_output_reg_stage_behavioral of entity blk_mem_gen_v8_3_1.blk_mem_gen_v8_3_1_softecc_output_reg_stage [\blk_mem_gen_v8_3_1_softecc_outp...]
Compiling architecture mem_module_behavioral of entity blk_mem_gen_v8_3_1.blk_mem_gen_v8_3_1_mem_module [\blk_mem_gen_v8_3_1_mem_module("...]
Compiling architecture behavioral of entity blk_mem_gen_v8_3_1.blk_mem_gen_v8_3_1 [\blk_mem_gen_v8_3_1("blk_mem_gen...]
Compiling architecture mem_arch of entity xil_defaultlib.Mem [mem_default]
Compiling architecture behavioral of entity xil_defaultlib.Ram [ram_default]
Compiling architecture behavioral of entity xil_defaultlib.test3
Built simulation snapshot test3_behav
