Copyright 1986-2015 Xilinx, Inc. All Rights Reserved.
----------------------------------------------------------------------------------------
| Tool Version     : Vivado v.2015.4 (lin64) Build 1412921 Wed Nov 18 09:44:32 MST 2015
| Date             : Mon Jun 13 15:02:38 2016
| Host             : Dries007-Arch running 64-bit unknown
| Command          : 
| Design           : top
| Device           : xc7a35tcpg236-1
| Design State     : routed
| Grade            : commercial
| Process          : typical
| Characterization : Production
----------------------------------------------------------------------------------------

Power Report

Table of Contents
-----------------
1. Summary
1.1 On-Chip Components
1.2 Power Supply Summary
1.3 Confidence Level
2. Settings
2.1 Environment
2.2 Clock Constraints
3. Detailed Reports
3.1 By Hierarchy

1. Summary
----------

+--------------------------+--------+
| Total On-Chip Power (W)  | 0.213  |
| Dynamic (W)              | 0.141  |
| Device Static (W)        | 0.072  |
| Effective TJA (C/W)      | 5.0    |
| Max Ambient (C)          | 83.9   |
| Junction Temperature (C) | 26.1   |
| Confidence Level         | Medium |
| Setting File             | ---    |
| Simulation Activity File | ---    |
| Design Nets Matched      | NA     |
+--------------------------+--------+


1.1 On-Chip Components
----------------------

+----------------+-----------+----------+-----------+-----------------+
| On-Chip        | Power (W) | Used     | Available | Utilization (%) |
+----------------+-----------+----------+-----------+-----------------+
| Clocks         |     0.002 |       12 |       --- |             --- |
| Slice Logic    |     0.006 |     8206 |       --- |             --- |
|   LUT as Logic |     0.006 |     5453 |     20800 |           26.22 |
|   CARRY4       |    <0.001 |      731 |      8150 |            8.97 |
|   F7/F8 Muxes  |    <0.001 |      275 |     32600 |            0.84 |
|   Register     |    <0.001 |      702 |     41600 |            1.69 |
|   Others       |     0.000 |       42 |       --- |             --- |
| Signals        |     0.006 |     6553 |       --- |             --- |
| Block RAM      |     0.002 |       10 |        50 |           20.00 |
| MMCM           |     0.109 |        1 |         5 |           20.00 |
| DSPs           |    <0.001 |        7 |        90 |            7.78 |
| I/O            |     0.016 |       17 |       106 |           16.04 |
| Static Power   |     0.072 |          |           |                 |
| Total          |     0.213 |          |           |                 |
+----------------+-----------+----------+-----------+-----------------+


1.2 Power Supply Summary
------------------------

+-----------+-------------+-----------+-------------+------------+
| Source    | Voltage (V) | Total (A) | Dynamic (A) | Static (A) |
+-----------+-------------+-----------+-------------+------------+
| Vccint    |       1.000 |     0.026 |       0.016 |      0.010 |
| Vccaux    |       1.800 |     0.074 |       0.061 |      0.013 |
| Vcco33    |       3.300 |     0.005 |       0.004 |      0.001 |
| Vcco25    |       2.500 |     0.000 |       0.000 |      0.000 |
| Vcco18    |       1.800 |     0.000 |       0.000 |      0.000 |
| Vcco15    |       1.500 |     0.000 |       0.000 |      0.000 |
| Vcco135   |       1.350 |     0.000 |       0.000 |      0.000 |
| Vcco12    |       1.200 |     0.000 |       0.000 |      0.000 |
| Vccaux_io |       1.800 |     0.000 |       0.000 |      0.000 |
| Vccbram   |       1.000 |     0.001 |       0.000 |      0.000 |
| MGTAVcc   |       1.000 |     0.000 |       0.000 |      0.000 |
| MGTAVtt   |       1.200 |     0.000 |       0.000 |      0.000 |
| Vccadc    |       1.800 |     0.020 |       0.000 |      0.020 |
+-----------+-------------+-----------+-------------+------------+


1.3 Confidence Level
--------------------

+-----------------------------+------------+-------------------------------------------------------+------------------------------------------------------------------------------------------------------------+
| User Input Data             | Confidence | Details                                               | Action                                                                                                     |
+-----------------------------+------------+-------------------------------------------------------+------------------------------------------------------------------------------------------------------------+
| Design implementation state | High       | Design is routed                                      |                                                                                                            |
| Clock nodes activity        | High       | User specified more than 95% of clocks                |                                                                                                            |
| I/O nodes activity          | Medium     | More than 5% of inputs are missing user specification | Provide missing input activity with simulation results or by editing the "By Resource Type -> I/Os" view   |
| Internal nodes activity     | Medium     | User specified less than 25% of internal nodes        | Provide missing internal nodes activity with simulation results or by editing the "By Resource Type" views |
| Device models               | High       | Device models are Production                          |                                                                                                            |
|                             |            |                                                       |                                                                                                            |
| Overall confidence level    | Medium     |                                                       |                                                                                                            |
+-----------------------------+------------+-------------------------------------------------------+------------------------------------------------------------------------------------------------------------+


2. Settings
-----------

2.1 Environment
---------------

+-----------------------+--------------------------+
| Ambient Temp (C)      | 25.0                     |
| ThetaJA (C/W)         | 5.0                      |
| Airflow (LFM)         | 250                      |
| Heat Sink             | medium (Medium Profile)  |
| ThetaSA (C/W)         | 4.6                      |
| Board Selection       | medium (10"x10")         |
| # of Board Layers     | 12to15 (12 to 15 Layers) |
| Board Temperature (C) | 25.0                     |
+-----------------------+--------------------------+


2.2 Clock Constraints
---------------------

+-------------------------+-----------------------------------+-----------------+
| Clock                   | Domain                            | Constraint (ns) |
+-------------------------+-----------------------------------+-----------------+
| clk                     | clk                               |            10.0 |
| clk_2cpu_ClockDivider   | clock0/inst/clk_2cpu_ClockDivider |            55.6 |
| clk_2cpu_ClockDivider_1 | clock0/inst/clk_2cpu_ClockDivider |            55.6 |
| clk_cpu_ClockDivider    | clock0/inst/clk_cpu_ClockDivider  |           111.1 |
| clk_cpu_ClockDivider_1  | clock0/inst/clk_cpu_ClockDivider  |           111.1 |
| clk_vga_ClockDivider    | clock0/inst/clk_vga_ClockDivider  |             9.3 |
| clk_vga_ClockDivider_1  | clock0/inst/clk_vga_ClockDivider  |             9.3 |
| clkfbout_ClockDivider   | clock0/inst/clkfbout_ClockDivider |            50.0 |
| clkfbout_ClockDivider_1 | clock0/inst/clkfbout_ClockDivider |            50.0 |
| sys_clk_pin             | clk                               |            10.0 |
+-------------------------+-----------------------------------+-----------------+


3. Detailed Reports
-------------------

3.1 By Hierarchy
----------------

+---------------------------------------+-----------+
| Name                                  | Power (W) |
+---------------------------------------+-----------+
| top                                   |     0.141 |
|   clock0                              |     0.110 |
|     inst                              |     0.110 |
|   frameBuffer0                        |     0.002 |
|     U0                                |     0.002 |
|       inst_blk_mem_gen                |     0.002 |
|         gnativebmg.native_blk_mem_gen |     0.002 |
|           valid.cstr                  |     0.002 |
|             has_mux_b.B               |    <0.001 |
|             ramloop[0].ram.r          |    <0.001 |
|               prim_init.ram           |    <0.001 |
|             ramloop[1].ram.r          |    <0.001 |
|               prim_init.ram           |    <0.001 |
|             ramloop[2].ram.r          |    <0.001 |
|               prim_init.ram           |    <0.001 |
|   keyboard0                           |    <0.001 |
|     ps2_keyboard_0                    |    <0.001 |
|   prng0                               |    <0.001 |
|   rom0                                |    <0.001 |
|     U0                                |    <0.001 |
|       inst_blk_mem_gen                |    <0.001 |
|         gnativebmg.native_blk_mem_gen |    <0.001 |
|           valid.cstr                  |    <0.001 |
|             bindec_a.bindec_inst_a    |    <0.001 |
|             has_mux_a.A               |    <0.001 |
|             ramloop[0].ram.r          |    <0.001 |
|               prim_init.ram           |    <0.001 |
|             ramloop[1].ram.r          |    <0.001 |
|               prim_init.ram           |    <0.001 |
|             ramloop[2].ram.r          |    <0.001 |
|               prim_init.ram           |    <0.001 |
|             ramloop[3].ram.r          |    <0.001 |
|               prim_init.ram           |    <0.001 |
|             ramloop[4].ram.r          |    <0.001 |
|               prim_init.ram           |    <0.001 |
|             ramloop[5].ram.r          |    <0.001 |
|               prim_init.ram           |    <0.001 |
|             ramloop[6].ram.r          |    <0.001 |
|               prim_init.ram           |    <0.001 |
|             ramloop[7].ram.r          |    <0.001 |
|               prim_init.ram           |    <0.001 |
|   vga0                                |     0.004 |
+---------------------------------------+-----------+


