#
# An unexpected error has occurred (11)
#
Stack:
/usr/lib/libc.so.6(+0x33310) [0x7fb2d9f80310]
/opt/Xilinx/Vivado/2015.4/lib/lnx64.o/libtcmalloc.so.4(tcmalloc::ThreadCache::ReleaseToCentralCache(tcmalloc::ThreadCache::FreeList*, unsigned long, int)+0x10b) [0x7fb2db71c91b]
/opt/Xilinx/Vivado/2015.4/lib/lnx64.o/libtcmalloc.so.4(tcmalloc::ThreadCache::Scavenge()+0x40) [0x7fb2db71cd20]
/opt/Xilinx/Vivado/2015.4/lib/lnx64.o/libtcmalloc.so.4(operator delete(void*)+0x1ca) [0x7fb2db72df7a]
/opt/Xilinx/Vivado/2015.4/lib/lnx64.o/librdi_synth.so(UAttrMgr::removeAttributes(void const*)+0xe4) [0x7fb2b1201ca4]
/opt/Xilinx/Vivado/2015.4/lib/lnx64.o/librdi_synth.so(DFNode::dereference()+0x73) [0x7fb2b0e70083]
/opt/Xilinx/Vivado/2015.4/lib/lnx64.o/librdi_synth.so(DFNode::~DFNode()+0x17) [0x7fb2b0e700b7]
/opt/Xilinx/Vivado/2015.4/lib/lnx64.o/librdi_synth.so(DFNode::~DFNode()+0x9) [0x7fb2b0e700e9]
/opt/Xilinx/Vivado/2015.4/lib/lnx64.o/librdi_synth.so(DFGraph::removeNodesAndEdges()+0x36) [0x7fb2b0e60156]
/opt/Xilinx/Vivado/2015.4/lib/lnx64.o/librdi_synth.so(DFGraph::~DFGraph()+0x91) [0x7fb2b0e60fc1]
/opt/Xilinx/Vivado/2015.4/lib/lnx64.o/librdi_synth.so(DFGraph::~DFGraph()+0x9) [0x7fb2b0e61089]
/opt/Xilinx/Vivado/2015.4/lib/lnx64.o/librdi_synth.so(ElabVhdlSubprogram::cacheConstantFunction()+0x3f8) [0x7fb2b0a021d8]
/opt/Xilinx/Vivado/2015.4/lib/lnx64.o/librdi_synth.so(ElabVhdlSubprogram::connectOutputs()+0x129) [0x7fb2b0a02b69]
/opt/Xilinx/Vivado/2015.4/lib/lnx64.o/librdi_synth.so(ElabVhdlSubprogram::elaborate()+0x265) [0x7fb2b0a03c15]
/opt/Xilinx/Vivado/2015.4/lib/lnx64.o/librdi_synth.so(ElabVhdlScope::createFunctionCall(Oasys_Verific::VhdlExpression*, Oasys_Verific::VhdlSpecification*, Oasys_Verific::VhdlSubprogramBody*)+0x38d) [0x7fb2b09c965d]
/opt/Xilinx/Vivado/2015.4/lib/lnx64.o/librdi_synth.so(ElabVhdlScope::createExpr(Oasys_Verific::VhdlIndexedName*)+0x5b) [0x7fb2b09da07b]
/opt/Xilinx/Vivado/2015.4/lib/lnx64.o/librdi_synth.so(ElabVhdlScope::vcreateExpr(Oasys_Verific::VhdlExpression*, UAggType*)+0x25b) [0x7fb2b09ca0fb]
/opt/Xilinx/Vivado/2015.4/lib/lnx64.o/librdi_synth.so(ElabVhdlScope::assign(Oasys_Verific::VhdlExpression*, Oasys_Verific::VhdlExpression*)+0xea) [0x7fb2b0c99e3a]
/opt/Xilinx/Vivado/2015.4/lib/lnx64.o/librdi_synth.so(ElabVhdlScope::statements(Oasys_Verific::Array*)+0xf2) [0x7fb2b09f84f2]
/opt/Xilinx/Vivado/2015.4/lib/lnx64.o/librdi_synth.so(ElabVhdlStmt::ElabVhdlStmt(ElabVhdlScope*, Oasys_Verific::VhdlStatement*, Oasys_Verific::Array*, bool)+0x56) [0x7fb2b09f8846]
/opt/Xilinx/Vivado/2015.4/lib/lnx64.o/librdi_synth.so(ElabVhdlScope::createConditionalStatement(Oasys_Verific::VhdlExpression*, UConst*, int, UHashMapList<ElabVhdlDecl*, UList<ElabVhdlCondValue*, UListNode<ElabVhdlCondValue*>, ElabVhdlCondValue*, UEValue<ElabVhdlCondValue*, UListNode<ElabVhdlCondValue*> > >*, ElabVhdlDecl*, UEKey<ElabVhdlDecl*> >&, Oasys_Verific::VhdlStatement*, Oasys_Verific::Array*)+0x78) [0x7fb2b0ca0ab8]
/opt/Xilinx/Vivado/2015.4/lib/lnx64.o/librdi_synth.so(ElabVhdlScope::statement(Oasys_Verific::VhdlCaseStatement*)+0x1bc2) [0x7fb2b0ca2d62]
/opt/Xilinx/Vivado/2015.4/lib/lnx64.o/librdi_synth.so(ElabVhdlScope::statements(Oasys_Verific::Array*)+0xf2) [0x7fb2b09f84f2]
/opt/Xilinx/Vivado/2015.4/lib/lnx64.o/librdi_synth.so(ElabVhdlStmt::ElabVhdlStmt(ElabVhdlScope*, Oasys_Verific::VhdlStatement*, Oasys_Verific::Array*, bool)+0x56) [0x7fb2b09f8846]
/opt/Xilinx/Vivado/2015.4/lib/lnx64.o/librdi_synth.so(ElabVhdlScope::createConditionalStatement(Oasys_Verific::VhdlExpression*, UConst*, int, UHashMapList<ElabVhdlDecl*, UList<ElabVhdlCondValue*, UListNode<ElabVhdlCondValue*>, ElabVhdlCondValue*, UEValue<ElabVhdlCondValue*, UListNode<ElabVhdlCondValue*> > >*, ElabVhdlDecl*, UEKey<ElabVhdlDecl*> >&, Oasys_Verific::VhdlStatement*, Oasys_Verific::Array*)+0x78) [0x7fb2b0ca0ab8]
/opt/Xilinx/Vivado/2015.4/lib/lnx64.o/librdi_synth.so(ElabVhdlScope::statement(Oasys_Verific::VhdlCaseStatement*)+0x1bc2) [0x7fb2b0ca2d62]
/opt/Xilinx/Vivado/2015.4/lib/lnx64.o/librdi_synth.so(ElabVhdlScope::statements(Oasys_Verific::Array*)+0xf2) [0x7fb2b09f84f2]
/opt/Xilinx/Vivado/2015.4/lib/lnx64.o/librdi_synth.so(ElabVhdlStmt::ElabVhdlStmt(ElabVhdlScope*, Oasys_Verific::VhdlStatement*, Oasys_Verific::Array*, bool)+0x56) [0x7fb2b09f8846]
/opt/Xilinx/Vivado/2015.4/lib/lnx64.o/librdi_synth.so(ElabVhdlScope::clockedStatements(Oasys_Verific::Array*, ElabVhdlExpr*, ElabVhdlClock const&)+0xc7) [0x7fb2b0c9d337]
/opt/Xilinx/Vivado/2015.4/lib/lnx64.o/librdi_synth.so(ElabVhdlScope::statement(Oasys_Verific::VhdlIfStatement*, int)+0x2da) [0x7fb2b0ca3b8a]
/opt/Xilinx/Vivado/2015.4/lib/lnx64.o/librdi_synth.so(ElabVhdlScope::statements(Oasys_Verific::Array*)+0xf2) [0x7fb2b09f84f2]
/opt/Xilinx/Vivado/2015.4/lib/lnx64.o/librdi_synth.so(ElabVhdlProcess::ElabVhdlProcess(ElabVhdlScope*, Oasys_Verific::VhdlProcessStatement*, bool)+0x173) [0x7fb2b09ec843]
/opt/Xilinx/Vivado/2015.4/lib/lnx64.o/librdi_synth.so(ElabVhdlScope::concurrent(Oasys_Verific::VhdlProcessStatement*)+0x24) [0x7fb2b09f5bd4]
/opt/Xilinx/Vivado/2015.4/lib/lnx64.o/librdi_synth.so(ElabVhdlScope::concurrents(Oasys_Verific::Array*)+0x51) [0x7fb2b09f66a1]
/opt/Xilinx/Vivado/2015.4/lib/lnx64.o/librdi_synth.so(ElabVhdlEntity::createStmts()+0x9d) [0x7fb2b09af0bd]
/opt/Xilinx/Vivado/2015.4/lib/lnx64.o/librdi_synth.so(ElabVhdlEntity::elaborate(UList<ElabNamedUConst*, UListNode<ElabNamedUConst*>, ElabNamedUConst*, UEValue<ElabNamedUConst*, UListNode<ElabNamedUConst*> > >*, UHashMapList<UString, UAggType*, UString, UEKey<UString> >*)+0xc40) [0x7fb2b09b4f20]
/opt/Xilinx/Vivado/2015.4/lib/lnx64.o/librdi_synth.so(ElabModulePool::elaborate(ElabModule*, UList<ElabNamedUConst*, UListNode<ElabNamedUConst*>, ElabNamedUConst*, UEValue<ElabNamedUConst*, UListNode<ElabNamedUConst*> > >*, UTrace const&, DFGraph*&, ElabPdInst*)+0x1a9) [0x7fb2b095bbd9]
/opt/Xilinx/Vivado/2015.4/lib/lnx64.o/librdi_synth.so(ElabModulePool::elaborate(ElabModule*, UList<ElabNamedUConst*, UListNode<ElabNamedUConst*>, ElabNamedUConst*, UEValue<ElabNamedUConst*, UListNode<ElabNamedUConst*> > >*, UTrace const&)+0x4b) [0x7fb2b095bf2b]
/opt/Xilinx/Vivado/2015.4/lib/lnx64.o/librdi_synth.so(HDb::elaborate(UString const&, char const*)+0x5ea) [0x7fb2b09567ea]
/opt/Xilinx/Vivado/2015.4/lib/lnx64.o/librdi_synth.so(HDb::synthesize(UString const&, bool, bool, char const*)+0xa7) [0x7fb2b0957a67]
/opt/Xilinx/Vivado/2015.4/lib/lnx64.o/librdi_synth.so(NDb::synthesize(UString const&, bool, bool, char const*)+0xb5) [0x7fb2b0957c05]
/opt/Xilinx/Vivado/2015.4/lib/lnx64.o/librdi_synth.so(HARTNDb::elaborate(UString const&, bool, bool, char const*)+0x7a) [0x7fb2b013dc7a]
/opt/Xilinx/Vivado/2015.4/lib/lnx64.o/librdi_synth.so(HARTNDb::synthesize(UString const&, bool, bool, char const*)+0x2f6) [0x7fb2b015bec6]
/opt/Xilinx/Vivado/2015.4/lib/lnx64.o/librdi_synth.so(+0xb546d0) [0x7fb2b02966d0]
/opt/Xilinx/Vivado/2015.4/lib/lnx64.o/librdi_synth.so(+0xb548b4) [0x7fb2b02968b4]
/opt/Xilinx/Vivado/2015.4/lib/lnx64.o/librdi_synth.so(+0xab3e25) [0x7fb2b01f5e25]
/opt/Xilinx/Vivado/2015.4/lib/lnx64.o/libtcl8.5.so(+0x331f5) [0x7fb2d60571f5]
/opt/Xilinx/Vivado/2015.4/lib/lnx64.o/libtcl8.5.so(+0x76bbe) [0x7fb2d609abbe]
/opt/Xilinx/Vivado/2015.4/lib/lnx64.o/libtcl8.5.so(TclObjInterpProcCore+0x2fb) [0x7fb2d60dbb8b]
/opt/Xilinx/Vivado/2015.4/lib/lnx64.o/libtcl8.5.so(+0x331f5) [0x7fb2d60571f5]
/opt/Xilinx/Vivado/2015.4/lib/lnx64.o/libtcl8.5.so(+0x34d6b) [0x7fb2d6058d6b]
/opt/Xilinx/Vivado/2015.4/lib/lnx64.o/libtcl8.5.so(Tcl_EvalEx+0x16) [0x7fb2d6059276]
/opt/Xilinx/Vivado/2015.4/lib/lnx64.o/libtcl8.5.so(TclEvalObjEx+0x213) [0x7fb2d60594c3]
/opt/Xilinx/Vivado/2015.4/lib/lnx64.o/libtcl8.5.so(+0x3b745) [0x7fb2d605f745]
/opt/Xilinx/Vivado/2015.4/lib/lnx64.o/libtcl8.5.so(+0x331f5) [0x7fb2d60571f5]
/opt/Xilinx/Vivado/2015.4/lib/lnx64.o/libtcl8.5.so(+0x76bbe) [0x7fb2d609abbe]
/opt/Xilinx/Vivado/2015.4/lib/lnx64.o/libtcl8.5.so(+0x7e767) [0x7fb2d60a2767]
/opt/Xilinx/Vivado/2015.4/lib/lnx64.o/libtcl8.5.so(TclEvalObjEx+0x77) [0x7fb2d6059327]
/opt/Xilinx/Vivado/2015.4/lib/lnx64.o/librdi_commontasks.so(+0x2a2187) [0x7fb2d2995187]
/opt/Xilinx/Vivado/2015.4/lib/lnx64.o/libtcl8.5.so(+0x331f5) [0x7fb2d60571f5]
/opt/Xilinx/Vivado/2015.4/lib/lnx64.o/libtcl8.5.so(+0x76bbe) [0x7fb2d609abbe]
/opt/Xilinx/Vivado/2015.4/lib/lnx64.o/libtcl8.5.so(TclObjInterpProcCore+0x2fb) [0x7fb2d60dbb8b]
/opt/Xilinx/Vivado/2015.4/lib/lnx64.o/libtcl8.5.so(+0x331f5) [0x7fb2d60571f5]
/opt/Xilinx/Vivado/2015.4/lib/lnx64.o/libtcl8.5.so(+0x76bbe) [0x7fb2d609abbe]
/opt/Xilinx/Vivado/2015.4/lib/lnx64.o/libtcl8.5.so(+0x7e767) [0x7fb2d60a2767]
/opt/Xilinx/Vivado/2015.4/lib/lnx64.o/libtcl8.5.so(TclEvalObjEx+0x77) [0x7fb2d6059327]
/opt/Xilinx/Vivado/2015.4/lib/lnx64.o/libtcl8.5.so(+0xb740f) [0x7fb2d60db40f]
/opt/Xilinx/Vivado/2015.4/lib/lnx64.o/libtcl8.5.so(+0x331f5) [0x7fb2d60571f5]
/opt/Xilinx/Vivado/2015.4/lib/lnx64.o/libtcl8.5.so(+0x76bbe) [0x7fb2d609abbe]
/opt/Xilinx/Vivado/2015.4/lib/lnx64.o/libtcl8.5.so(+0x7e767) [0x7fb2d60a2767]
/opt/Xilinx/Vivado/2015.4/lib/lnx64.o/libtcl8.5.so(TclEvalObjEx+0x77) [0x7fb2d6059327]
/opt/Xilinx/Vivado/2015.4/lib/lnx64.o/librdi_commontasks.so(+0x2a2224) [0x7fb2d2995224]
/opt/Xilinx/Vivado/2015.4/lib/lnx64.o/libtcl8.5.so(+0x331f5) [0x7fb2d60571f5]
/opt/Xilinx/Vivado/2015.4/lib/lnx64.o/libtcl8.5.so(+0x34d6b) [0x7fb2d6058d6b]
/opt/Xilinx/Vivado/2015.4/lib/lnx64.o/libtcl8.5.so(+0xad531) [0x7fb2d60d1531]
/opt/Xilinx/Vivado/2015.4/lib/lnx64.o/libtcl8.5.so(+0x3491c) [0x7fb2d605891c]
/opt/Xilinx/Vivado/2015.4/lib/lnx64.o/libtcl8.5.so(Tcl_EvalEx+0x16) [0x7fb2d6059276]
/opt/Xilinx/Vivado/2015.4/lib/lnx64.o/libtcl8.5.so(Tcl_FSEvalFileEx+0x1d2) [0x7fb2d60bdd02]
/opt/Xilinx/Vivado/2015.4/lib/lnx64.o/librdi_commontasks.so(+0x2bf325) [0x7fb2d29b2325]
/opt/Xilinx/Vivado/2015.4/lib/lnx64.o/librdi_common.so(+0x5478a2) [0x7fb2daf578a2]
/opt/Xilinx/Vivado/2015.4/lib/lnx64.o/libtcl8.5.so(+0x331f5) [0x7fb2d60571f5]
/opt/Xilinx/Vivado/2015.4/lib/lnx64.o/libtcl8.5.so(Tcl_EvalObjv+0x32) [0x7fb2d60577e2]
/opt/Xilinx/Vivado/2015.4/lib/lnx64.o/libtcl8.5.so(TclEvalObjEx+0x322) [0x7fb2d60595d2]
/opt/Xilinx/Vivado/2015.4/lib/lnx64.o/librdi_common.so(hdi::tcltasks::task_manager::eval_in_tcl(Tcl_Interp*, Tcl_Obj*, char const*, bool)+0x84d) [0x7fb2daf592dd]
/opt/Xilinx/Vivado/2015.4/lib/lnx64.o/librdi_designutils.so(HRTInvoker::inProcessLaunch(HDGUIStatus&)+0x1c9) [0x7fb2c90ef9f9]
/opt/Xilinx/Vivado/2015.4/lib/lnx64.o/librdi_designutils.so(HRTInvoker::launch(HDGUIStatus&)+0x4b5) [0x7fb2c90f0755]
/opt/Xilinx/Vivado/2015.4/lib/lnx64.o/librdi_project.so(HAPRProjUtils::openRodinElabNetlist(HAPRProject*, HAPRDesignSpec const&, HDARPart const*, HDGUIStatus&)+0x46b) [0x7fb2b9f6a1fb]
/opt/Xilinx/Vivado/2015.4/lib/lnx64.o/librdi_project.so(HAPRDesign::openNetlist_(HDGUIStatus&)+0x26d) [0x7fb2b9f1320d]
/opt/Xilinx/Vivado/2015.4/lib/lnx64.o/librdi_project.so(HAPRDesign::openAndProcessNetlist_(HDGUIStatus&, bool, bool&)+0x162) [0x7fb2b9f13b22]
/opt/Xilinx/Vivado/2015.4/lib/lnx64.o/librdi_project.so(HAPRDesign::refreshDesign(HDGUIStatus&, bool)+0x228) [0x7fb2b9f17948]
/opt/Xilinx/Vivado/2015.4/lib/lnx64.o/librdi_project.so(HAPRProject::openDesign_(HAPRDesignSpec const&, HDGUIStatus&, bool, bool)+0x75) [0x7fb2b9f8eda5]
/opt/Xilinx/Vivado/2015.4/lib/lnx64.o/librdi_project.so(HAPRProject::elaborate(HDARPart const*, HADAFileSet*, HADAFileSet*, std::string const&, bool, std::string const&, bool, bool, int, bool, bool, bool, HDGUIStatus&)+0x133) [0x7fb2b9f8f333]
/opt/Xilinx/Vivado/2015.4/lib/lnx64.o/librdi_vivadotasks.so(+0x358504) [0x7fb2ad43f504]
/opt/Xilinx/Vivado/2015.4/lib/lnx64.o/librdi_vivadotasks.so(+0x35f5b0) [0x7fb2ad4465b0]
/opt/Xilinx/Vivado/2015.4/lib/lnx64.o/librdi_common.so(+0x5478a2) [0x7fb2daf578a2]
/opt/Xilinx/Vivado/2015.4/lib/lnx64.o/libtcl8.5.so(+0x331f5) [0x7fb2d60571f5]
/opt/Xilinx/Vivado/2015.4/lib/lnx64.o/libtcl8.5.so(+0x34d6b) [0x7fb2d6058d6b]
/opt/Xilinx/Vivado/2015.4/lib/lnx64.o/libtcl8.5.so(Tcl_EvalEx+0x16) [0x7fb2d6059276]
/opt/Xilinx/Vivado/2015.4/lib/lnx64.o/libtcl8.5.so(Tcl_FSEvalFileEx+0x1d2) [0x7fb2d60bdd02]
/opt/Xilinx/Vivado/2015.4/lib/lnx64.o/librdi_commontasks.so(+0x2bf325) [0x7fb2d29b2325]
/opt/Xilinx/Vivado/2015.4/lib/lnx64.o/librdi_common.so(+0x5478a2) [0x7fb2daf578a2]
/opt/Xilinx/Vivado/2015.4/lib/lnx64.o/libtcl8.5.so(+0x331f5) [0x7fb2d60571f5]
/opt/Xilinx/Vivado/2015.4/lib/lnx64.o/libtcl8.5.so(Tcl_EvalObjv+0x32) [0x7fb2d60577e2]
/opt/Xilinx/Vivado/2015.4/lib/lnx64.o/libtcl8.5.so(TclEvalObjEx+0x322) [0x7fb2d60595d2]
/opt/Xilinx/Vivado/2015.4/lib/lnx64.o/librdi_commontasks.so(+0x2dd3d9) [0x7fb2d29d03d9]
/opt/Xilinx/Vivado/2015.4/lib/lnx64.o/librdi_commontasks.so(+0x2d64d3) [0x7fb2d29c94d3]
/opt/Xilinx/Vivado/2015.4/lib/lnx64.o/librdi_common.so(+0x5478a2) [0x7fb2daf578a2]
/opt/Xilinx/Vivado/2015.4/lib/lnx64.o/libtcl8.5.so(+0x331f5) [0x7fb2d60571f5]
/opt/Xilinx/Vivado/2015.4/lib/lnx64.o/libtcl8.5.so(Tcl_EvalObjv+0x32) [0x7fb2d60577e2]
/opt/Xilinx/Vivado/2015.4/lib/lnx64.o/libtcl8.5.so(TclEvalObjEx+0x322) [0x7fb2d60595d2]
/opt/Xilinx/Vivado/2015.4/lib/lnx64.o/librdi_commonmain.so(+0x5f00) [0x7fb2da80bf00]
/opt/Xilinx/Vivado/2015.4/lib/lnx64.o/libtcl8.5.so(Tcl_Main+0x1d5) [0x7fb2d60c4175]
/opt/Xilinx/Vivado/2015.4/lib/lnx64.o/librdi_common.so(+0x580749) [0x7fb2daf90749]
/usr/lib/libpthread.so.0(+0x7474) [0x7fb2d9a33474]
/usr/lib/libc.so.6(clone+0x6d) [0x7fb2da03469d]
