#
# An unexpected error has occurred (11)
#
Stack:
/usr/lib/libc.so.6(+0x33310) [0x7f4866abc310]
/opt/Xilinx/Vivado/2015.4/lib/lnx64.o/librdi_synth.so(ElabVhdlExpr::setExpr(ElabVhdlSimpleExpr*, ElabIter const&)+0x31) [0x7f483d4f40f1]
/opt/Xilinx/Vivado/2015.4/lib/lnx64.o/librdi_synth.so(ElabVhdlExpr::setExpr(ElabVhdlExpr*, ElabIter&)+0x79) [0x7f483d4f4309]
/opt/Xilinx/Vivado/2015.4/lib/lnx64.o/librdi_synth.so(ElabVhdlScope::createArrayAggregate(Oasys_Verific::VhdlAggregate*, Oasys_Verific::VhdlTypeId*, UAggType*&, UAggType*, unsigned int)+0x10ff) [0x7f483d50c63f]
/opt/Xilinx/Vivado/2015.4/lib/lnx64.o/librdi_synth.so(ElabVhdlScope::createExpr(Oasys_Verific::VhdlAggregate*, UAggType*)+0x7b) [0x7f483d50ceab]
/opt/Xilinx/Vivado/2015.4/lib/lnx64.o/librdi_synth.so(ElabVhdlScope::vcreateExpr(Oasys_Verific::VhdlExpression*, UAggType*)+0x32f) [0x7f483d5061cf]
/opt/Xilinx/Vivado/2015.4/lib/lnx64.o/librdi_synth.so(ElabVhdlScope::declaration(Oasys_Verific::VhdlConstantDecl*)+0xfd) [0x7f483d7e2a7d]
/opt/Xilinx/Vivado/2015.4/lib/lnx64.o/librdi_synth.so(ElabVhdlScope::vdeclaration(Oasys_Verific::VhdlDeclaration*)+0xfb) [0x7f483d7e4b6b]
/opt/Xilinx/Vivado/2015.4/lib/lnx64.o/librdi_synth.so(ElabVhdlScope::declarations(Oasys_Verific::Array*)+0x4d) [0x7f483d7e4d8d]
/opt/Xilinx/Vivado/2015.4/lib/lnx64.o/librdi_synth.so(ElabVhdlProcess::ElabVhdlProcess(ElabVhdlScope*, Oasys_Verific::VhdlProcessStatement*, bool)+0x158) [0x7f483d528828]
/opt/Xilinx/Vivado/2015.4/lib/lnx64.o/librdi_synth.so(ElabVhdlScope::concurrent(Oasys_Verific::VhdlProcessStatement*)+0x24) [0x7f483d531bd4]
/opt/Xilinx/Vivado/2015.4/lib/lnx64.o/librdi_synth.so(ElabVhdlScope::concurrents(Oasys_Verific::Array*)+0x51) [0x7f483d5326a1]
/opt/Xilinx/Vivado/2015.4/lib/lnx64.o/librdi_synth.so(ElabVhdlEntity::createStmts()+0x9d) [0x7f483d4eb0bd]
/opt/Xilinx/Vivado/2015.4/lib/lnx64.o/librdi_synth.so(ElabVhdlEntity::elaborate(UList<ElabNamedUConst*, UListNode<ElabNamedUConst*>, ElabNamedUConst*, UEValue<ElabNamedUConst*, UListNode<ElabNamedUConst*> > >*, UHashMapList<UString, UAggType*, UString, UEKey<UString> >*)+0xc40) [0x7f483d4f0f20]
/opt/Xilinx/Vivado/2015.4/lib/lnx64.o/librdi_synth.so(ElabModulePool::elaborate(ElabModule*, UList<ElabNamedUConst*, UListNode<ElabNamedUConst*>, ElabNamedUConst*, UEValue<ElabNamedUConst*, UListNode<ElabNamedUConst*> > >*, UTrace const&, DFGraph*&, ElabPdInst*)+0x1a9) [0x7f483d497bd9]
/opt/Xilinx/Vivado/2015.4/lib/lnx64.o/librdi_synth.so(ElabModulePool::elaborate(ElabModule*, UList<ElabNamedUConst*, UListNode<ElabNamedUConst*>, ElabNamedUConst*, UEValue<ElabNamedUConst*, UListNode<ElabNamedUConst*> > >*, UTrace const&)+0x4b) [0x7f483d497f2b]
/opt/Xilinx/Vivado/2015.4/lib/lnx64.o/librdi_synth.so(HDb::elaborate(UString const&, char const*)+0x5ea) [0x7f483d4927ea]
/opt/Xilinx/Vivado/2015.4/lib/lnx64.o/librdi_synth.so(HDb::synthesize(UString const&, bool, bool, char const*)+0xa7) [0x7f483d493a67]
/opt/Xilinx/Vivado/2015.4/lib/lnx64.o/librdi_synth.so(NDb::synthesize(UString const&, bool, bool, char const*)+0xb5) [0x7f483d493c05]
/opt/Xilinx/Vivado/2015.4/lib/lnx64.o/librdi_synth.so(HARTNDb::elaborate(UString const&, bool, bool, char const*)+0x7a) [0x7f483cc79c7a]
/opt/Xilinx/Vivado/2015.4/lib/lnx64.o/librdi_synth.so(HARTNDb::synthesize(UString const&, bool, bool, char const*)+0x2f6) [0x7f483cc97ec6]
/opt/Xilinx/Vivado/2015.4/lib/lnx64.o/librdi_synth.so(+0xb546d0) [0x7f483cdd26d0]
/opt/Xilinx/Vivado/2015.4/lib/lnx64.o/librdi_synth.so(+0xb548b4) [0x7f483cdd28b4]
/opt/Xilinx/Vivado/2015.4/lib/lnx64.o/librdi_synth.so(+0xab3e25) [0x7f483cd31e25]
/opt/Xilinx/Vivado/2015.4/lib/lnx64.o/libtcl8.5.so(+0x331f5) [0x7f4862b931f5]
/opt/Xilinx/Vivado/2015.4/lib/lnx64.o/libtcl8.5.so(+0x76bbe) [0x7f4862bd6bbe]
/opt/Xilinx/Vivado/2015.4/lib/lnx64.o/libtcl8.5.so(TclObjInterpProcCore+0x2fb) [0x7f4862c17b8b]
/opt/Xilinx/Vivado/2015.4/lib/lnx64.o/libtcl8.5.so(+0x331f5) [0x7f4862b931f5]
/opt/Xilinx/Vivado/2015.4/lib/lnx64.o/libtcl8.5.so(+0x34d6b) [0x7f4862b94d6b]
/opt/Xilinx/Vivado/2015.4/lib/lnx64.o/libtcl8.5.so(Tcl_EvalEx+0x16) [0x7f4862b95276]
/opt/Xilinx/Vivado/2015.4/lib/lnx64.o/libtcl8.5.so(TclEvalObjEx+0x213) [0x7f4862b954c3]
/opt/Xilinx/Vivado/2015.4/lib/lnx64.o/libtcl8.5.so(+0x3b745) [0x7f4862b9b745]
/opt/Xilinx/Vivado/2015.4/lib/lnx64.o/libtcl8.5.so(+0x331f5) [0x7f4862b931f5]
/opt/Xilinx/Vivado/2015.4/lib/lnx64.o/libtcl8.5.so(+0x76bbe) [0x7f4862bd6bbe]
/opt/Xilinx/Vivado/2015.4/lib/lnx64.o/libtcl8.5.so(+0x7e767) [0x7f4862bde767]
/opt/Xilinx/Vivado/2015.4/lib/lnx64.o/libtcl8.5.so(TclEvalObjEx+0x77) [0x7f4862b95327]
/opt/Xilinx/Vivado/2015.4/lib/lnx64.o/librdi_commontasks.so(+0x2a2187) [0x7f485f4d1187]
/opt/Xilinx/Vivado/2015.4/lib/lnx64.o/libtcl8.5.so(+0x331f5) [0x7f4862b931f5]
/opt/Xilinx/Vivado/2015.4/lib/lnx64.o/libtcl8.5.so(+0x76bbe) [0x7f4862bd6bbe]
/opt/Xilinx/Vivado/2015.4/lib/lnx64.o/libtcl8.5.so(TclObjInterpProcCore+0x2fb) [0x7f4862c17b8b]
/opt/Xilinx/Vivado/2015.4/lib/lnx64.o/libtcl8.5.so(+0x331f5) [0x7f4862b931f5]
/opt/Xilinx/Vivado/2015.4/lib/lnx64.o/libtcl8.5.so(+0x76bbe) [0x7f4862bd6bbe]
/opt/Xilinx/Vivado/2015.4/lib/lnx64.o/libtcl8.5.so(+0x7e767) [0x7f4862bde767]
/opt/Xilinx/Vivado/2015.4/lib/lnx64.o/libtcl8.5.so(TclEvalObjEx+0x77) [0x7f4862b95327]
/opt/Xilinx/Vivado/2015.4/lib/lnx64.o/libtcl8.5.so(+0xb740f) [0x7f4862c1740f]
/opt/Xilinx/Vivado/2015.4/lib/lnx64.o/libtcl8.5.so(+0x331f5) [0x7f4862b931f5]
/opt/Xilinx/Vivado/2015.4/lib/lnx64.o/libtcl8.5.so(+0x76bbe) [0x7f4862bd6bbe]
/opt/Xilinx/Vivado/2015.4/lib/lnx64.o/libtcl8.5.so(+0x7e767) [0x7f4862bde767]
/opt/Xilinx/Vivado/2015.4/lib/lnx64.o/libtcl8.5.so(TclEvalObjEx+0x77) [0x7f4862b95327]
/opt/Xilinx/Vivado/2015.4/lib/lnx64.o/librdi_commontasks.so(+0x2a2224) [0x7f485f4d1224]
/opt/Xilinx/Vivado/2015.4/lib/lnx64.o/libtcl8.5.so(+0x331f5) [0x7f4862b931f5]
/opt/Xilinx/Vivado/2015.4/lib/lnx64.o/libtcl8.5.so(+0x34d6b) [0x7f4862b94d6b]
/opt/Xilinx/Vivado/2015.4/lib/lnx64.o/libtcl8.5.so(+0xad531) [0x7f4862c0d531]
/opt/Xilinx/Vivado/2015.4/lib/lnx64.o/libtcl8.5.so(+0x3491c) [0x7f4862b9491c]
/opt/Xilinx/Vivado/2015.4/lib/lnx64.o/libtcl8.5.so(Tcl_EvalEx+0x16) [0x7f4862b95276]
/opt/Xilinx/Vivado/2015.4/lib/lnx64.o/libtcl8.5.so(Tcl_FSEvalFileEx+0x1d2) [0x7f4862bf9d02]
/opt/Xilinx/Vivado/2015.4/lib/lnx64.o/librdi_commontasks.so(+0x2bf325) [0x7f485f4ee325]
/opt/Xilinx/Vivado/2015.4/lib/lnx64.o/librdi_common.so(+0x5478a2) [0x7f4867a938a2]
/opt/Xilinx/Vivado/2015.4/lib/lnx64.o/libtcl8.5.so(+0x331f5) [0x7f4862b931f5]
/opt/Xilinx/Vivado/2015.4/lib/lnx64.o/libtcl8.5.so(Tcl_EvalObjv+0x32) [0x7f4862b937e2]
/opt/Xilinx/Vivado/2015.4/lib/lnx64.o/libtcl8.5.so(TclEvalObjEx+0x322) [0x7f4862b955d2]
/opt/Xilinx/Vivado/2015.4/lib/lnx64.o/librdi_common.so(hdi::tcltasks::task_manager::eval_in_tcl(Tcl_Interp*, Tcl_Obj*, char const*, bool)+0x84d) [0x7f4867a952dd]
/opt/Xilinx/Vivado/2015.4/lib/lnx64.o/librdi_designutils.so(HRTInvoker::inProcessLaunch(HDGUIStatus&)+0x1c9) [0x7f4855c2b9f9]
/opt/Xilinx/Vivado/2015.4/lib/lnx64.o/librdi_designutils.so(HRTInvoker::launch(HDGUIStatus&)+0x4b5) [0x7f4855c2c755]
/opt/Xilinx/Vivado/2015.4/lib/lnx64.o/librdi_project.so(HAPRProjUtils::openRodinElabNetlist(HAPRProject*, HAPRDesignSpec const&, HDARPart const*, HDGUIStatus&)+0x46b) [0x7f4846aa61fb]
/opt/Xilinx/Vivado/2015.4/lib/lnx64.o/librdi_project.so(HAPRDesign::openNetlist_(HDGUIStatus&)+0x26d) [0x7f4846a4f20d]
/opt/Xilinx/Vivado/2015.4/lib/lnx64.o/librdi_project.so(HAPRDesign::openAndProcessNetlist_(HDGUIStatus&, bool, bool&)+0x162) [0x7f4846a4fb22]
/opt/Xilinx/Vivado/2015.4/lib/lnx64.o/librdi_project.so(HAPRDesign::refreshDesign(HDGUIStatus&, bool)+0x228) [0x7f4846a53948]
/opt/Xilinx/Vivado/2015.4/lib/lnx64.o/librdi_project.so(HAPRProject::openDesign_(HAPRDesignSpec const&, HDGUIStatus&, bool, bool)+0x75) [0x7f4846acada5]
/opt/Xilinx/Vivado/2015.4/lib/lnx64.o/librdi_project.so(HAPRProject::elaborate(HDARPart const*, HADAFileSet*, HADAFileSet*, std::string const&, bool, std::string const&, bool, bool, int, bool, bool, bool, HDGUIStatus&)+0x133) [0x7f4846acb333]
/opt/Xilinx/Vivado/2015.4/lib/lnx64.o/librdi_vivadotasks.so(+0x358504) [0x7f4839f7b504]
/opt/Xilinx/Vivado/2015.4/lib/lnx64.o/librdi_vivadotasks.so(+0x35f5b0) [0x7f4839f825b0]
/opt/Xilinx/Vivado/2015.4/lib/lnx64.o/librdi_common.so(+0x5478a2) [0x7f4867a938a2]
/opt/Xilinx/Vivado/2015.4/lib/lnx64.o/libtcl8.5.so(+0x331f5) [0x7f4862b931f5]
/opt/Xilinx/Vivado/2015.4/lib/lnx64.o/libtcl8.5.so(+0x34d6b) [0x7f4862b94d6b]
/opt/Xilinx/Vivado/2015.4/lib/lnx64.o/libtcl8.5.so(Tcl_EvalEx+0x16) [0x7f4862b95276]
/opt/Xilinx/Vivado/2015.4/lib/lnx64.o/libtcl8.5.so(Tcl_FSEvalFileEx+0x1d2) [0x7f4862bf9d02]
/opt/Xilinx/Vivado/2015.4/lib/lnx64.o/librdi_commontasks.so(+0x2bf325) [0x7f485f4ee325]
/opt/Xilinx/Vivado/2015.4/lib/lnx64.o/librdi_common.so(+0x5478a2) [0x7f4867a938a2]
/opt/Xilinx/Vivado/2015.4/lib/lnx64.o/libtcl8.5.so(+0x331f5) [0x7f4862b931f5]
/opt/Xilinx/Vivado/2015.4/lib/lnx64.o/libtcl8.5.so(Tcl_EvalObjv+0x32) [0x7f4862b937e2]
/opt/Xilinx/Vivado/2015.4/lib/lnx64.o/libtcl8.5.so(TclEvalObjEx+0x322) [0x7f4862b955d2]
/opt/Xilinx/Vivado/2015.4/lib/lnx64.o/librdi_commontasks.so(+0x2dd3d9) [0x7f485f50c3d9]
/opt/Xilinx/Vivado/2015.4/lib/lnx64.o/librdi_commontasks.so(+0x2d64d3) [0x7f485f5054d3]
/opt/Xilinx/Vivado/2015.4/lib/lnx64.o/librdi_common.so(+0x5478a2) [0x7f4867a938a2]
/opt/Xilinx/Vivado/2015.4/lib/lnx64.o/libtcl8.5.so(+0x331f5) [0x7f4862b931f5]
/opt/Xilinx/Vivado/2015.4/lib/lnx64.o/libtcl8.5.so(Tcl_EvalObjv+0x32) [0x7f4862b937e2]
/opt/Xilinx/Vivado/2015.4/lib/lnx64.o/libtcl8.5.so(TclEvalObjEx+0x322) [0x7f4862b955d2]
/opt/Xilinx/Vivado/2015.4/lib/lnx64.o/librdi_commonmain.so(+0x5f00) [0x7f4867347f00]
/opt/Xilinx/Vivado/2015.4/lib/lnx64.o/libtcl8.5.so(Tcl_Main+0x1d5) [0x7f4862c00175]
/opt/Xilinx/Vivado/2015.4/lib/lnx64.o/librdi_common.so(+0x580749) [0x7f4867acc749]
/usr/lib/libpthread.so.0(+0x7474) [0x7f486656f474]
/usr/lib/libc.so.6(clone+0x6d) [0x7f4866b7069d]
