#
# An unexpected error has occurred (11)
#
Stack:
/usr/lib/libc.so.6(+0x33310) [0x7fe805253310]
/opt/Xilinx/Vivado/2015.4/lib/lnx64.o/librdi_synth.so(ElabVhdlExpr::setExpr(ElabVhdlSimpleExpr*, ElabIter const&)+0x41) [0x7fe7dbc8b101]
/opt/Xilinx/Vivado/2015.4/lib/lnx64.o/librdi_synth.so(ElabVhdlExpr::setExpr(ElabVhdlExpr*, ElabIter&)+0x79) [0x7fe7dbc8b309]
/opt/Xilinx/Vivado/2015.4/lib/lnx64.o/librdi_synth.so(ElabVhdlScope::createArrayAggregate(Oasys_Verific::VhdlAggregate*, Oasys_Verific::VhdlTypeId*, UAggType*&, UAggType*, unsigned int)+0x10ff) [0x7fe7dbca363f]
/opt/Xilinx/Vivado/2015.4/lib/lnx64.o/librdi_synth.so(ElabVhdlScope::createExpr(Oasys_Verific::VhdlAggregate*, UAggType*)+0x7b) [0x7fe7dbca3eab]
/opt/Xilinx/Vivado/2015.4/lib/lnx64.o/librdi_synth.so(ElabVhdlScope::vcreateExpr(Oasys_Verific::VhdlExpression*, UAggType*)+0x32f) [0x7fe7dbc9d1cf]
/opt/Xilinx/Vivado/2015.4/lib/lnx64.o/librdi_synth.so(ElabVhdlScope::declaration(Oasys_Verific::VhdlConstantDecl*)+0xfd) [0x7fe7dbf79a7d]
/opt/Xilinx/Vivado/2015.4/lib/lnx64.o/librdi_synth.so(ElabVhdlScope::vdeclaration(Oasys_Verific::VhdlDeclaration*)+0xfb) [0x7fe7dbf7bb6b]
/opt/Xilinx/Vivado/2015.4/lib/lnx64.o/librdi_synth.so(ElabVhdlScope::declarations(Oasys_Verific::Array*)+0x4d) [0x7fe7dbf7bd8d]
/opt/Xilinx/Vivado/2015.4/lib/lnx64.o/librdi_synth.so(ElabVhdlProcess::ElabVhdlProcess(ElabVhdlScope*, Oasys_Verific::VhdlProcessStatement*, bool)+0x158) [0x7fe7dbcbf828]
/opt/Xilinx/Vivado/2015.4/lib/lnx64.o/librdi_synth.so(ElabVhdlScope::concurrent(Oasys_Verific::VhdlProcessStatement*)+0x24) [0x7fe7dbcc8bd4]
/opt/Xilinx/Vivado/2015.4/lib/lnx64.o/librdi_synth.so(ElabVhdlScope::concurrents(Oasys_Verific::Array*)+0x51) [0x7fe7dbcc96a1]
/opt/Xilinx/Vivado/2015.4/lib/lnx64.o/librdi_synth.so(ElabVhdlEntity::createStmts()+0x9d) [0x7fe7dbc820bd]
/opt/Xilinx/Vivado/2015.4/lib/lnx64.o/librdi_synth.so(ElabVhdlEntity::elaborate(UList<ElabNamedUConst*, UListNode<ElabNamedUConst*>, ElabNamedUConst*, UEValue<ElabNamedUConst*, UListNode<ElabNamedUConst*> > >*, UHashMapList<UString, UAggType*, UString, UEKey<UString> >*)+0xc40) [0x7fe7dbc87f20]
/opt/Xilinx/Vivado/2015.4/lib/lnx64.o/librdi_synth.so(ElabModulePool::elaborate(ElabModule*, UList<ElabNamedUConst*, UListNode<ElabNamedUConst*>, ElabNamedUConst*, UEValue<ElabNamedUConst*, UListNode<ElabNamedUConst*> > >*, UTrace const&, DFGraph*&, ElabPdInst*)+0x1a9) [0x7fe7dbc2ebd9]
/opt/Xilinx/Vivado/2015.4/lib/lnx64.o/librdi_synth.so(ElabModulePool::elaborate(ElabModule*, UList<ElabNamedUConst*, UListNode<ElabNamedUConst*>, ElabNamedUConst*, UEValue<ElabNamedUConst*, UListNode<ElabNamedUConst*> > >*, UTrace const&)+0x4b) [0x7fe7dbc2ef2b]
/opt/Xilinx/Vivado/2015.4/lib/lnx64.o/librdi_synth.so(HDb::elaborate(UString const&, char const*)+0x5ea) [0x7fe7dbc297ea]
/opt/Xilinx/Vivado/2015.4/lib/lnx64.o/librdi_synth.so(HDb::synthesize(UString const&, bool, bool, char const*)+0xa7) [0x7fe7dbc2aa67]
/opt/Xilinx/Vivado/2015.4/lib/lnx64.o/librdi_synth.so(NDb::synthesize(UString const&, bool, bool, char const*)+0xb5) [0x7fe7dbc2ac05]
/opt/Xilinx/Vivado/2015.4/lib/lnx64.o/librdi_synth.so(HARTNDb::elaborate(UString const&, bool, bool, char const*)+0x7a) [0x7fe7db410c7a]
/opt/Xilinx/Vivado/2015.4/lib/lnx64.o/librdi_synth.so(HARTNDb::synthesize(UString const&, bool, bool, char const*)+0x2f6) [0x7fe7db42eec6]
/opt/Xilinx/Vivado/2015.4/lib/lnx64.o/librdi_synth.so(+0xb546d0) [0x7fe7db5696d0]
/opt/Xilinx/Vivado/2015.4/lib/lnx64.o/librdi_synth.so(+0xb548b4) [0x7fe7db5698b4]
/opt/Xilinx/Vivado/2015.4/lib/lnx64.o/librdi_synth.so(+0xab3e25) [0x7fe7db4c8e25]
/opt/Xilinx/Vivado/2015.4/lib/lnx64.o/libtcl8.5.so(+0x331f5) [0x7fe80132a1f5]
/opt/Xilinx/Vivado/2015.4/lib/lnx64.o/libtcl8.5.so(+0x76bbe) [0x7fe80136dbbe]
/opt/Xilinx/Vivado/2015.4/lib/lnx64.o/libtcl8.5.so(TclObjInterpProcCore+0x2fb) [0x7fe8013aeb8b]
/opt/Xilinx/Vivado/2015.4/lib/lnx64.o/libtcl8.5.so(+0x331f5) [0x7fe80132a1f5]
/opt/Xilinx/Vivado/2015.4/lib/lnx64.o/libtcl8.5.so(+0x34d6b) [0x7fe80132bd6b]
/opt/Xilinx/Vivado/2015.4/lib/lnx64.o/libtcl8.5.so(Tcl_EvalEx+0x16) [0x7fe80132c276]
/opt/Xilinx/Vivado/2015.4/lib/lnx64.o/libtcl8.5.so(TclEvalObjEx+0x213) [0x7fe80132c4c3]
/opt/Xilinx/Vivado/2015.4/lib/lnx64.o/libtcl8.5.so(+0x3b745) [0x7fe801332745]
/opt/Xilinx/Vivado/2015.4/lib/lnx64.o/libtcl8.5.so(+0x331f5) [0x7fe80132a1f5]
/opt/Xilinx/Vivado/2015.4/lib/lnx64.o/libtcl8.5.so(+0x76bbe) [0x7fe80136dbbe]
/opt/Xilinx/Vivado/2015.4/lib/lnx64.o/libtcl8.5.so(+0x7e767) [0x7fe801375767]
/opt/Xilinx/Vivado/2015.4/lib/lnx64.o/libtcl8.5.so(TclEvalObjEx+0x77) [0x7fe80132c327]
/opt/Xilinx/Vivado/2015.4/lib/lnx64.o/librdi_commontasks.so(+0x2a2187) [0x7fe7fdc68187]
/opt/Xilinx/Vivado/2015.4/lib/lnx64.o/libtcl8.5.so(+0x331f5) [0x7fe80132a1f5]
/opt/Xilinx/Vivado/2015.4/lib/lnx64.o/libtcl8.5.so(+0x76bbe) [0x7fe80136dbbe]
/opt/Xilinx/Vivado/2015.4/lib/lnx64.o/libtcl8.5.so(TclObjInterpProcCore+0x2fb) [0x7fe8013aeb8b]
/opt/Xilinx/Vivado/2015.4/lib/lnx64.o/libtcl8.5.so(+0x331f5) [0x7fe80132a1f5]
/opt/Xilinx/Vivado/2015.4/lib/lnx64.o/libtcl8.5.so(+0x76bbe) [0x7fe80136dbbe]
/opt/Xilinx/Vivado/2015.4/lib/lnx64.o/libtcl8.5.so(+0x7e767) [0x7fe801375767]
/opt/Xilinx/Vivado/2015.4/lib/lnx64.o/libtcl8.5.so(TclEvalObjEx+0x77) [0x7fe80132c327]
/opt/Xilinx/Vivado/2015.4/lib/lnx64.o/libtcl8.5.so(+0xb740f) [0x7fe8013ae40f]
/opt/Xilinx/Vivado/2015.4/lib/lnx64.o/libtcl8.5.so(+0x331f5) [0x7fe80132a1f5]
/opt/Xilinx/Vivado/2015.4/lib/lnx64.o/libtcl8.5.so(+0x76bbe) [0x7fe80136dbbe]
/opt/Xilinx/Vivado/2015.4/lib/lnx64.o/libtcl8.5.so(+0x7e767) [0x7fe801375767]
/opt/Xilinx/Vivado/2015.4/lib/lnx64.o/libtcl8.5.so(TclEvalObjEx+0x77) [0x7fe80132c327]
/opt/Xilinx/Vivado/2015.4/lib/lnx64.o/librdi_commontasks.so(+0x2a2224) [0x7fe7fdc68224]
/opt/Xilinx/Vivado/2015.4/lib/lnx64.o/libtcl8.5.so(+0x331f5) [0x7fe80132a1f5]
/opt/Xilinx/Vivado/2015.4/lib/lnx64.o/libtcl8.5.so(+0x34d6b) [0x7fe80132bd6b]
/opt/Xilinx/Vivado/2015.4/lib/lnx64.o/libtcl8.5.so(+0xad531) [0x7fe8013a4531]
/opt/Xilinx/Vivado/2015.4/lib/lnx64.o/libtcl8.5.so(+0x3491c) [0x7fe80132b91c]
/opt/Xilinx/Vivado/2015.4/lib/lnx64.o/libtcl8.5.so(Tcl_EvalEx+0x16) [0x7fe80132c276]
/opt/Xilinx/Vivado/2015.4/lib/lnx64.o/libtcl8.5.so(Tcl_FSEvalFileEx+0x1d2) [0x7fe801390d02]
/opt/Xilinx/Vivado/2015.4/lib/lnx64.o/librdi_commontasks.so(+0x2bf325) [0x7fe7fdc85325]
/opt/Xilinx/Vivado/2015.4/lib/lnx64.o/librdi_common.so(+0x5478a2) [0x7fe80622a8a2]
/opt/Xilinx/Vivado/2015.4/lib/lnx64.o/libtcl8.5.so(+0x331f5) [0x7fe80132a1f5]
/opt/Xilinx/Vivado/2015.4/lib/lnx64.o/libtcl8.5.so(Tcl_EvalObjv+0x32) [0x7fe80132a7e2]
/opt/Xilinx/Vivado/2015.4/lib/lnx64.o/libtcl8.5.so(TclEvalObjEx+0x322) [0x7fe80132c5d2]
/opt/Xilinx/Vivado/2015.4/lib/lnx64.o/librdi_common.so(hdi::tcltasks::task_manager::eval_in_tcl(Tcl_Interp*, Tcl_Obj*, char const*, bool)+0x84d) [0x7fe80622c2dd]
/opt/Xilinx/Vivado/2015.4/lib/lnx64.o/librdi_designutils.so(HRTInvoker::inProcessLaunch(HDGUIStatus&)+0x1c9) [0x7fe7f43c29f9]
/opt/Xilinx/Vivado/2015.4/lib/lnx64.o/librdi_designutils.so(HRTInvoker::launch(HDGUIStatus&)+0x4b5) [0x7fe7f43c3755]
/opt/Xilinx/Vivado/2015.4/lib/lnx64.o/librdi_project.so(HAPRProjUtils::openRodinElabNetlist(HAPRProject*, HAPRDesignSpec const&, HDARPart const*, HDGUIStatus&)+0x46b) [0x7fe7e523d1fb]
/opt/Xilinx/Vivado/2015.4/lib/lnx64.o/librdi_project.so(HAPRDesign::openNetlist_(HDGUIStatus&)+0x26d) [0x7fe7e51e620d]
/opt/Xilinx/Vivado/2015.4/lib/lnx64.o/librdi_project.so(HAPRDesign::openAndProcessNetlist_(HDGUIStatus&, bool, bool&)+0x162) [0x7fe7e51e6b22]
/opt/Xilinx/Vivado/2015.4/lib/lnx64.o/librdi_project.so(HAPRDesign::refreshDesign(HDGUIStatus&, bool)+0x228) [0x7fe7e51ea948]
/opt/Xilinx/Vivado/2015.4/lib/lnx64.o/librdi_project.so(HAPRProject::openDesign_(HAPRDesignSpec const&, HDGUIStatus&, bool, bool)+0x75) [0x7fe7e5261da5]
/opt/Xilinx/Vivado/2015.4/lib/lnx64.o/librdi_project.so(HAPRProject::elaborate(HDARPart const*, HADAFileSet*, HADAFileSet*, std::string const&, bool, std::string const&, bool, bool, int, bool, bool, bool, HDGUIStatus&)+0x133) [0x7fe7e5262333]
/opt/Xilinx/Vivado/2015.4/lib/lnx64.o/librdi_vivadotasks.so(+0x358504) [0x7fe7d8712504]
/opt/Xilinx/Vivado/2015.4/lib/lnx64.o/librdi_vivadotasks.so(+0x35f5b0) [0x7fe7d87195b0]
/opt/Xilinx/Vivado/2015.4/lib/lnx64.o/librdi_common.so(+0x5478a2) [0x7fe80622a8a2]
/opt/Xilinx/Vivado/2015.4/lib/lnx64.o/libtcl8.5.so(+0x331f5) [0x7fe80132a1f5]
/opt/Xilinx/Vivado/2015.4/lib/lnx64.o/libtcl8.5.so(+0x34d6b) [0x7fe80132bd6b]
/opt/Xilinx/Vivado/2015.4/lib/lnx64.o/libtcl8.5.so(Tcl_EvalEx+0x16) [0x7fe80132c276]
/opt/Xilinx/Vivado/2015.4/lib/lnx64.o/libtcl8.5.so(Tcl_FSEvalFileEx+0x1d2) [0x7fe801390d02]
/opt/Xilinx/Vivado/2015.4/lib/lnx64.o/librdi_commontasks.so(+0x2bf325) [0x7fe7fdc85325]
/opt/Xilinx/Vivado/2015.4/lib/lnx64.o/librdi_common.so(+0x5478a2) [0x7fe80622a8a2]
/opt/Xilinx/Vivado/2015.4/lib/lnx64.o/libtcl8.5.so(+0x331f5) [0x7fe80132a1f5]
/opt/Xilinx/Vivado/2015.4/lib/lnx64.o/libtcl8.5.so(Tcl_EvalObjv+0x32) [0x7fe80132a7e2]
/opt/Xilinx/Vivado/2015.4/lib/lnx64.o/libtcl8.5.so(TclEvalObjEx+0x322) [0x7fe80132c5d2]
/opt/Xilinx/Vivado/2015.4/lib/lnx64.o/librdi_commontasks.so(+0x2dd3d9) [0x7fe7fdca33d9]
/opt/Xilinx/Vivado/2015.4/lib/lnx64.o/librdi_commontasks.so(+0x2d64d3) [0x7fe7fdc9c4d3]
/opt/Xilinx/Vivado/2015.4/lib/lnx64.o/librdi_common.so(+0x5478a2) [0x7fe80622a8a2]
/opt/Xilinx/Vivado/2015.4/lib/lnx64.o/libtcl8.5.so(+0x331f5) [0x7fe80132a1f5]
/opt/Xilinx/Vivado/2015.4/lib/lnx64.o/libtcl8.5.so(Tcl_EvalObjv+0x32) [0x7fe80132a7e2]
/opt/Xilinx/Vivado/2015.4/lib/lnx64.o/libtcl8.5.so(TclEvalObjEx+0x322) [0x7fe80132c5d2]
/opt/Xilinx/Vivado/2015.4/lib/lnx64.o/librdi_commonmain.so(+0x5f00) [0x7fe805adef00]
/opt/Xilinx/Vivado/2015.4/lib/lnx64.o/libtcl8.5.so(Tcl_Main+0x1d5) [0x7fe801397175]
/opt/Xilinx/Vivado/2015.4/lib/lnx64.o/librdi_common.so(+0x580749) [0x7fe806263749]
/usr/lib/libpthread.so.0(+0x7474) [0x7fe804d06474]
/usr/lib/libc.so.6(clone+0x6d) [0x7fe80530769d]
