#
# An unexpected error has occurred (11)
#
Stack:
/usr/lib/libc.so.6(+0x33310) [0x7fdb99128310]
/opt/Xilinx/Vivado/2015.4/lib/lnx64.o/librdi_synth.so(ElabVhdlExpr::setExpr(ElabVhdlSimpleExpr*, ElabIter const&)+0x31) [0x7fdb6fb600f1]
/opt/Xilinx/Vivado/2015.4/lib/lnx64.o/librdi_synth.so(ElabVhdlExpr::setExpr(ElabVhdlExpr*, ElabIter&)+0x79) [0x7fdb6fb60309]
/opt/Xilinx/Vivado/2015.4/lib/lnx64.o/librdi_synth.so(ElabVhdlScope::createArrayAggregate(Oasys_Verific::VhdlAggregate*, Oasys_Verific::VhdlTypeId*, UAggType*&, UAggType*, unsigned int)+0x10ff) [0x7fdb6fb7863f]
/opt/Xilinx/Vivado/2015.4/lib/lnx64.o/librdi_synth.so(ElabVhdlScope::createExpr(Oasys_Verific::VhdlAggregate*, UAggType*)+0x7b) [0x7fdb6fb78eab]
/opt/Xilinx/Vivado/2015.4/lib/lnx64.o/librdi_synth.so(ElabVhdlScope::vcreateExpr(Oasys_Verific::VhdlExpression*, UAggType*)+0x32f) [0x7fdb6fb721cf]
/opt/Xilinx/Vivado/2015.4/lib/lnx64.o/librdi_synth.so(ElabVhdlScope::declaration(Oasys_Verific::VhdlConstantDecl*)+0xfd) [0x7fdb6fe4ea7d]
/opt/Xilinx/Vivado/2015.4/lib/lnx64.o/librdi_synth.so(ElabVhdlScope::vdeclaration(Oasys_Verific::VhdlDeclaration*)+0xfb) [0x7fdb6fe50b6b]
/opt/Xilinx/Vivado/2015.4/lib/lnx64.o/librdi_synth.so(ElabVhdlScope::declarations(Oasys_Verific::Array*)+0x4d) [0x7fdb6fe50d8d]
/opt/Xilinx/Vivado/2015.4/lib/lnx64.o/librdi_synth.so(ElabVhdlProcess::ElabVhdlProcess(ElabVhdlScope*, Oasys_Verific::VhdlProcessStatement*, bool)+0x158) [0x7fdb6fb94828]
/opt/Xilinx/Vivado/2015.4/lib/lnx64.o/librdi_synth.so(ElabVhdlScope::concurrent(Oasys_Verific::VhdlProcessStatement*)+0x24) [0x7fdb6fb9dbd4]
/opt/Xilinx/Vivado/2015.4/lib/lnx64.o/librdi_synth.so(ElabVhdlScope::concurrents(Oasys_Verific::Array*)+0x51) [0x7fdb6fb9e6a1]
/opt/Xilinx/Vivado/2015.4/lib/lnx64.o/librdi_synth.so(ElabVhdlEntity::createStmts()+0x9d) [0x7fdb6fb570bd]
/opt/Xilinx/Vivado/2015.4/lib/lnx64.o/librdi_synth.so(ElabVhdlEntity::elaborate(UList<ElabNamedUConst*, UListNode<ElabNamedUConst*>, ElabNamedUConst*, UEValue<ElabNamedUConst*, UListNode<ElabNamedUConst*> > >*, UHashMapList<UString, UAggType*, UString, UEKey<UString> >*)+0xc40) [0x7fdb6fb5cf20]
/opt/Xilinx/Vivado/2015.4/lib/lnx64.o/librdi_synth.so(ElabModulePool::elaborate(ElabModule*, UList<ElabNamedUConst*, UListNode<ElabNamedUConst*>, ElabNamedUConst*, UEValue<ElabNamedUConst*, UListNode<ElabNamedUConst*> > >*, UTrace const&, DFGraph*&, ElabPdInst*)+0x1a9) [0x7fdb6fb03bd9]
/opt/Xilinx/Vivado/2015.4/lib/lnx64.o/librdi_synth.so(ElabModulePool::elaborate(ElabModule*, UList<ElabNamedUConst*, UListNode<ElabNamedUConst*>, ElabNamedUConst*, UEValue<ElabNamedUConst*, UListNode<ElabNamedUConst*> > >*, UTrace const&)+0x4b) [0x7fdb6fb03f2b]
/opt/Xilinx/Vivado/2015.4/lib/lnx64.o/librdi_synth.so(HDb::elaborate(UString const&, char const*)+0x5ea) [0x7fdb6fafe7ea]
/opt/Xilinx/Vivado/2015.4/lib/lnx64.o/librdi_synth.so(HDb::synthesize(UString const&, bool, bool, char const*)+0xa7) [0x7fdb6faffa67]
/opt/Xilinx/Vivado/2015.4/lib/lnx64.o/librdi_synth.so(NDb::synthesize(UString const&, bool, bool, char const*)+0xb5) [0x7fdb6faffc05]
/opt/Xilinx/Vivado/2015.4/lib/lnx64.o/librdi_synth.so(HARTNDb::elaborate(UString const&, bool, bool, char const*)+0x7a) [0x7fdb6f2e5c7a]
/opt/Xilinx/Vivado/2015.4/lib/lnx64.o/librdi_synth.so(HARTNDb::synthesize(UString const&, bool, bool, char const*)+0x2f6) [0x7fdb6f303ec6]
/opt/Xilinx/Vivado/2015.4/lib/lnx64.o/librdi_synth.so(+0xb546d0) [0x7fdb6f43e6d0]
/opt/Xilinx/Vivado/2015.4/lib/lnx64.o/librdi_synth.so(+0xb548b4) [0x7fdb6f43e8b4]
/opt/Xilinx/Vivado/2015.4/lib/lnx64.o/librdi_synth.so(+0xab3e25) [0x7fdb6f39de25]
/opt/Xilinx/Vivado/2015.4/lib/lnx64.o/libtcl8.5.so(+0x331f5) [0x7fdb951ff1f5]
/opt/Xilinx/Vivado/2015.4/lib/lnx64.o/libtcl8.5.so(+0x76bbe) [0x7fdb95242bbe]
/opt/Xilinx/Vivado/2015.4/lib/lnx64.o/libtcl8.5.so(TclObjInterpProcCore+0x2fb) [0x7fdb95283b8b]
/opt/Xilinx/Vivado/2015.4/lib/lnx64.o/libtcl8.5.so(+0x331f5) [0x7fdb951ff1f5]
/opt/Xilinx/Vivado/2015.4/lib/lnx64.o/libtcl8.5.so(+0x34d6b) [0x7fdb95200d6b]
/opt/Xilinx/Vivado/2015.4/lib/lnx64.o/libtcl8.5.so(Tcl_EvalEx+0x16) [0x7fdb95201276]
/opt/Xilinx/Vivado/2015.4/lib/lnx64.o/libtcl8.5.so(TclEvalObjEx+0x213) [0x7fdb952014c3]
/opt/Xilinx/Vivado/2015.4/lib/lnx64.o/libtcl8.5.so(+0x3b745) [0x7fdb95207745]
/opt/Xilinx/Vivado/2015.4/lib/lnx64.o/libtcl8.5.so(+0x331f5) [0x7fdb951ff1f5]
/opt/Xilinx/Vivado/2015.4/lib/lnx64.o/libtcl8.5.so(+0x76bbe) [0x7fdb95242bbe]
/opt/Xilinx/Vivado/2015.4/lib/lnx64.o/libtcl8.5.so(+0x7e767) [0x7fdb9524a767]
/opt/Xilinx/Vivado/2015.4/lib/lnx64.o/libtcl8.5.so(TclEvalObjEx+0x77) [0x7fdb95201327]
/opt/Xilinx/Vivado/2015.4/lib/lnx64.o/librdi_commontasks.so(+0x2a2187) [0x7fdb91b3d187]
/opt/Xilinx/Vivado/2015.4/lib/lnx64.o/libtcl8.5.so(+0x331f5) [0x7fdb951ff1f5]
/opt/Xilinx/Vivado/2015.4/lib/lnx64.o/libtcl8.5.so(+0x76bbe) [0x7fdb95242bbe]
/opt/Xilinx/Vivado/2015.4/lib/lnx64.o/libtcl8.5.so(TclObjInterpProcCore+0x2fb) [0x7fdb95283b8b]
/opt/Xilinx/Vivado/2015.4/lib/lnx64.o/libtcl8.5.so(+0x331f5) [0x7fdb951ff1f5]
/opt/Xilinx/Vivado/2015.4/lib/lnx64.o/libtcl8.5.so(+0x76bbe) [0x7fdb95242bbe]
/opt/Xilinx/Vivado/2015.4/lib/lnx64.o/libtcl8.5.so(+0x7e767) [0x7fdb9524a767]
/opt/Xilinx/Vivado/2015.4/lib/lnx64.o/libtcl8.5.so(TclEvalObjEx+0x77) [0x7fdb95201327]
/opt/Xilinx/Vivado/2015.4/lib/lnx64.o/libtcl8.5.so(+0xb740f) [0x7fdb9528340f]
/opt/Xilinx/Vivado/2015.4/lib/lnx64.o/libtcl8.5.so(+0x331f5) [0x7fdb951ff1f5]
/opt/Xilinx/Vivado/2015.4/lib/lnx64.o/libtcl8.5.so(+0x76bbe) [0x7fdb95242bbe]
/opt/Xilinx/Vivado/2015.4/lib/lnx64.o/libtcl8.5.so(+0x7e767) [0x7fdb9524a767]
/opt/Xilinx/Vivado/2015.4/lib/lnx64.o/libtcl8.5.so(TclEvalObjEx+0x77) [0x7fdb95201327]
/opt/Xilinx/Vivado/2015.4/lib/lnx64.o/librdi_commontasks.so(+0x2a2224) [0x7fdb91b3d224]
/opt/Xilinx/Vivado/2015.4/lib/lnx64.o/libtcl8.5.so(+0x331f5) [0x7fdb951ff1f5]
/opt/Xilinx/Vivado/2015.4/lib/lnx64.o/libtcl8.5.so(+0x34d6b) [0x7fdb95200d6b]
/opt/Xilinx/Vivado/2015.4/lib/lnx64.o/libtcl8.5.so(+0xad531) [0x7fdb95279531]
/opt/Xilinx/Vivado/2015.4/lib/lnx64.o/libtcl8.5.so(+0x3491c) [0x7fdb9520091c]
/opt/Xilinx/Vivado/2015.4/lib/lnx64.o/libtcl8.5.so(Tcl_EvalEx+0x16) [0x7fdb95201276]
/opt/Xilinx/Vivado/2015.4/lib/lnx64.o/libtcl8.5.so(Tcl_FSEvalFileEx+0x1d2) [0x7fdb95265d02]
/opt/Xilinx/Vivado/2015.4/lib/lnx64.o/librdi_commontasks.so(+0x2bf325) [0x7fdb91b5a325]
/opt/Xilinx/Vivado/2015.4/lib/lnx64.o/librdi_common.so(+0x5478a2) [0x7fdb9a0ff8a2]
/opt/Xilinx/Vivado/2015.4/lib/lnx64.o/libtcl8.5.so(+0x331f5) [0x7fdb951ff1f5]
/opt/Xilinx/Vivado/2015.4/lib/lnx64.o/libtcl8.5.so(Tcl_EvalObjv+0x32) [0x7fdb951ff7e2]
/opt/Xilinx/Vivado/2015.4/lib/lnx64.o/libtcl8.5.so(TclEvalObjEx+0x322) [0x7fdb952015d2]
/opt/Xilinx/Vivado/2015.4/lib/lnx64.o/librdi_common.so(hdi::tcltasks::task_manager::eval_in_tcl(Tcl_Interp*, Tcl_Obj*, char const*, bool)+0x84d) [0x7fdb9a1012dd]
/opt/Xilinx/Vivado/2015.4/lib/lnx64.o/librdi_designutils.so(HRTInvoker::inProcessLaunch(HDGUIStatus&)+0x1c9) [0x7fdb882979f9]
/opt/Xilinx/Vivado/2015.4/lib/lnx64.o/librdi_designutils.so(HRTInvoker::launch(HDGUIStatus&)+0x4b5) [0x7fdb88298755]
/opt/Xilinx/Vivado/2015.4/lib/lnx64.o/librdi_project.so(HAPRProjUtils::openRodinElabNetlist(HAPRProject*, HAPRDesignSpec const&, HDARPart const*, HDGUIStatus&)+0x46b) [0x7fdb791121fb]
/opt/Xilinx/Vivado/2015.4/lib/lnx64.o/librdi_project.so(HAPRDesign::openNetlist_(HDGUIStatus&)+0x26d) [0x7fdb790bb20d]
/opt/Xilinx/Vivado/2015.4/lib/lnx64.o/librdi_project.so(HAPRDesign::openAndProcessNetlist_(HDGUIStatus&, bool, bool&)+0x162) [0x7fdb790bbb22]
/opt/Xilinx/Vivado/2015.4/lib/lnx64.o/librdi_project.so(HAPRDesign::refreshDesign(HDGUIStatus&, bool)+0x228) [0x7fdb790bf948]
/opt/Xilinx/Vivado/2015.4/lib/lnx64.o/librdi_project.so(HAPRProject::openDesign_(HAPRDesignSpec const&, HDGUIStatus&, bool, bool)+0x75) [0x7fdb79136da5]
/opt/Xilinx/Vivado/2015.4/lib/lnx64.o/librdi_project.so(HAPRProject::elaborate(HDARPart const*, HADAFileSet*, HADAFileSet*, std::string const&, bool, std::string const&, bool, bool, int, bool, bool, bool, HDGUIStatus&)+0x133) [0x7fdb79137333]
/opt/Xilinx/Vivado/2015.4/lib/lnx64.o/librdi_vivadotasks.so(+0x358504) [0x7fdb6c5e7504]
/opt/Xilinx/Vivado/2015.4/lib/lnx64.o/librdi_vivadotasks.so(+0x35f5b0) [0x7fdb6c5ee5b0]
/opt/Xilinx/Vivado/2015.4/lib/lnx64.o/librdi_common.so(+0x5478a2) [0x7fdb9a0ff8a2]
/opt/Xilinx/Vivado/2015.4/lib/lnx64.o/libtcl8.5.so(+0x331f5) [0x7fdb951ff1f5]
/opt/Xilinx/Vivado/2015.4/lib/lnx64.o/libtcl8.5.so(+0x34d6b) [0x7fdb95200d6b]
/opt/Xilinx/Vivado/2015.4/lib/lnx64.o/libtcl8.5.so(Tcl_EvalEx+0x16) [0x7fdb95201276]
/opt/Xilinx/Vivado/2015.4/lib/lnx64.o/libtcl8.5.so(Tcl_FSEvalFileEx+0x1d2) [0x7fdb95265d02]
/opt/Xilinx/Vivado/2015.4/lib/lnx64.o/librdi_commontasks.so(+0x2bf325) [0x7fdb91b5a325]
/opt/Xilinx/Vivado/2015.4/lib/lnx64.o/librdi_common.so(+0x5478a2) [0x7fdb9a0ff8a2]
/opt/Xilinx/Vivado/2015.4/lib/lnx64.o/libtcl8.5.so(+0x331f5) [0x7fdb951ff1f5]
/opt/Xilinx/Vivado/2015.4/lib/lnx64.o/libtcl8.5.so(Tcl_EvalObjv+0x32) [0x7fdb951ff7e2]
/opt/Xilinx/Vivado/2015.4/lib/lnx64.o/libtcl8.5.so(TclEvalObjEx+0x322) [0x7fdb952015d2]
/opt/Xilinx/Vivado/2015.4/lib/lnx64.o/librdi_commontasks.so(+0x2dd3d9) [0x7fdb91b783d9]
/opt/Xilinx/Vivado/2015.4/lib/lnx64.o/librdi_commontasks.so(+0x2d64d3) [0x7fdb91b714d3]
/opt/Xilinx/Vivado/2015.4/lib/lnx64.o/librdi_common.so(+0x5478a2) [0x7fdb9a0ff8a2]
/opt/Xilinx/Vivado/2015.4/lib/lnx64.o/libtcl8.5.so(+0x331f5) [0x7fdb951ff1f5]
/opt/Xilinx/Vivado/2015.4/lib/lnx64.o/libtcl8.5.so(Tcl_EvalObjv+0x32) [0x7fdb951ff7e2]
/opt/Xilinx/Vivado/2015.4/lib/lnx64.o/libtcl8.5.so(TclEvalObjEx+0x322) [0x7fdb952015d2]
/opt/Xilinx/Vivado/2015.4/lib/lnx64.o/librdi_commonmain.so(+0x5f00) [0x7fdb999b3f00]
/opt/Xilinx/Vivado/2015.4/lib/lnx64.o/libtcl8.5.so(Tcl_Main+0x1d5) [0x7fdb9526c175]
/opt/Xilinx/Vivado/2015.4/lib/lnx64.o/librdi_common.so(+0x580749) [0x7fdb9a138749]
/usr/lib/libpthread.so.0(+0x7474) [0x7fdb98bdb474]
/usr/lib/libc.so.6(clone+0x6d) [0x7fdb991dc69d]
