Copyright 1986-2015 Xilinx, Inc. All Rights Reserved.
------------------------------------------------------------------------------------
| Tool Version : Vivado v.2015.4 (win64) Build 1412921 Wed Nov 18 09:43:45 MST 2015
| Date         : Wed Apr 27 17:34:46 2016
| Host         : Dries007Laptop running 64-bit major release  (build 9200)
| Command      : report_control_sets -verbose -file top_control_sets_placed.rpt
| Design       : top
| Device       : xc7a35t
------------------------------------------------------------------------------------

Control Set Information

Table of Contents
-----------------
1. Summary
2. Flip-Flop Distribution
3. Detailed Control Set Information

1. Summary
----------

+-------------------------------------------------------------------+-------+
|                               Status                              | Count |
+-------------------------------------------------------------------+-------+
| Number of unique control sets                                     |    44 |
| Minimum Number of register sites lost to control set restrictions |    88 |
+-------------------------------------------------------------------+-------+


2. Flip-Flop Distribution
-------------------------

+--------------+-----------------------+------------------------+-----------------+--------------+
| Clock Enable | Synchronous Set/Reset | Asynchronous Set/Reset | Total Registers | Total Slices |
+--------------+-----------------------+------------------------+-----------------+--------------+
| No           | No                    | No                     |              62 |           29 |
| No           | No                    | Yes                    |               0 |            0 |
| No           | Yes                   | No                     |              40 |           17 |
| Yes          | No                    | No                     |             378 |          148 |
| Yes          | No                    | Yes                    |               0 |            0 |
| Yes          | Yes                   | No                     |              56 |           26 |
+--------------+-----------------------+------------------------+-----------------+--------------+


3. Detailed Control Set Information
-----------------------------------

+---------------------------------------+----------------------------------------+--------------------------------+------------------+----------------+
|              Clock Signal             |              Enable Signal             |        Set/Reset Signal        | Slice Load Count | Bel Load Count |
+---------------------------------------+----------------------------------------+--------------------------------+------------------+----------------+
|  clock0/inst/clk2cpu                  |                                        |                                |                1 |              3 |
|  clock0/inst/clk_cpu                  | keyboard0/E[0]                         | keyboard0/fb_a_en0             |                3 |              4 |
|  clock0/inst/clk_cpu                  | ram0/op3_type_reg[1][0]                |                                |                1 |              4 |
|  clock0/inst/clk108M                  | vga0/h_count[10]_i_1_n_0               | vga0/v_count[5]_i_1_n_0        |                3 |              4 |
|  clock0/inst/clk108M                  | vga0/fbOutAddr[13]_i_1_n_0             | vga0/fbOutAddr[4]_i_1_n_0      |                2 |              4 |
|  clock0/inst/clk6cpu                  | ram0/ena                               |                                |                3 |              5 |
|  clock0/inst/clk_cpu                  |                                        | keyboard0/fb_a_en0             |                4 |              6 |
|  clock0/inst/clk_cpu                  | keyboard0/ram_addr_reg[5]              |                                |                3 |              6 |
|  clock0/inst/clk_cpu                  | keyboard0/prev_ascii[6]_i_1_n_0        |                                |                3 |              7 |
|  clock0/inst/clk_cpu                  | keyboard0/ascii_new_i_1_n_0            |                                |                3 |              7 |
|  clock0/inst/clk_cpu                  | keyboard0/ps2_keyboard_0/E[0]          |                                |                5 |              7 |
|  clock0/inst/clk6cpu                  |                                        |                                |                3 |              8 |
|  clock0/inst/clk6cpu                  | ram0/ram_we                            |                                |                3 |              8 |
|  clock0/inst/clk_cpu                  | keyboard0/instruction_raw_reg[7]       |                                |                4 |              8 |
|  clock0/inst/clk108M                  | vga0/char[7]_i_1_n_0                   |                                |                3 |              8 |
|  clock0/inst/clk6cpu                  | ram0/FSM_onehot_state_reg_n_0_[3]      |                                |                3 |              8 |
|  clock0/inst/clk_cpu                  | keyboard0/fb_a_dat_in_reg[0]_0[0]      |                                |                7 |              8 |
|  clock0/inst/clk_cpu                  | keyboard0/ps2_keyboard_0/ps2_code_new0 |                                |                3 |              8 |
|  clock0/inst/clk_cpu                  | keyboard0/ps2_keyboard_0/sel           | keyboard0/ps2_keyboard_0/clear |                3 |             10 |
|  clock0/inst/clk108M                  | vga0/fbOutAddr[13]_i_1_n_0             |                                |                3 |             10 |
| ~keyboard0/ps2_keyboard_0/ps2_clk_int |                                        |                                |                2 |             11 |
|  clock0/inst/clk_cpu                  | keyboard0/ram_addr_reg[5]              | keyboard0/ram_addr_reg[15]     |                3 |             11 |
|  clock0/inst/clk108M                  |                                        | vga0/h_count[10]_i_1_n_0       |                6 |             11 |
|  clock0/inst/clk_cpu                  | keyboard0/flags1_reg[0][0]             |                                |                2 |             13 |
|  clock0/inst/clk_cpu                  | keyboard0/fb_a_addr_reg[0][0]          |                                |                6 |             14 |
|  clock0/inst/clk_cpu                  | keyboard0/static_reg[0][0]             |                                |                5 |             16 |
|  clock0/inst/clk_cpu                  | keyboard0/objtab_reg[15][0]            |                                |                6 |             16 |
|  clock0/inst/clk_cpu                  | keyboard0/length_reg[1][0]             |                                |                4 |             16 |
|  clock0/inst/clk_cpu                  | keyboard0/high_reg[0][0]               |                                |                7 |             16 |
|  clock0/inst/clk_cpu                  | keyboard0/globals_reg[0][0]            |                                |                5 |             16 |
|  clock0/inst/clk_cpu                  | ram0/E[0]                              |                                |                7 |             16 |
|  clock0/inst/clk_cpu                  | keyboard0/flags2_reg[0][0]             |                                |                7 |             16 |
|  clock0/inst/clk_cpu                  | keyboard0/dict_reg[0][0]               |                                |                5 |             16 |
|  clock0/inst/clk6cpu                  | ram0/FSM_onehot_state_reg_n_0_[5]      |                                |               10 |             16 |
|  clock0/inst/clk_cpu                  | keyboard0/abbreviations_reg[0][0]      |                                |                5 |             16 |
|  clock0/inst/clk_cpu                  | keyboard0/checksum_reg[0][0]           |                                |                5 |             16 |
|  clock0/inst/clk108M                  |                                        |                                |                8 |             16 |
|  clock0/inst/clk_cpu                  | keyboard0/pc_reg[0][0]                 |                                |                7 |             17 |
|  clock0/inst/clk6cpu                  | ram0/ram_addr                          |                                |                5 |             17 |
|  clock0/inst/clk_cpu                  | keyboard0/repeat_counter[0]_i_1_n_0    |                                |                5 |             18 |
|  clock0/inst/clk_cpu                  | ram0/cursor_reg[1]_rep__1_0            | keyboard0/fb_a_en0             |               12 |             23 |
|  clock0/inst/clk_cpu                  |                                        | i[22]_i_1_n_0                  |                7 |             23 |
|  clock0/inst/clk_cpu                  |                                        |                                |               15 |             24 |
|  clock0/inst/clk_cpu                  | ram0/message_reg[36][5]                |                                |               13 |             29 |
+---------------------------------------+----------------------------------------+--------------------------------+------------------+----------------+


